This is pdfTeX, Version 3.14159265-2.6-1.40.20 (MiKTeX 2.9.7200 64-bit) (preloaded format=pdflatex 2019.10.13)  18 NOV 2021 15:43
entering extended mode
**./wissentschaftlichesArbeiten_vorlage.tex
(wissentschaftlichesArbeiten_vorlage.tex
LaTeX2e <2019-10-01>
("C:\Users\tsto\AppData\Local\Programs\MiKTeX 2.9\tex/latex/base\article.cls"
Document Class: article 2019/08/27 v1.4j Standard LaTeX document class
("C:\Users\tsto\AppData\Local\Programs\MiKTeX 2.9\tex/latex/base\size12.clo"
File: size12.clo 2019/08/27 v1.4j Standard LaTeX file (size option)
)
\c@part=\count80
\c@section=\count81
\c@subsection=\count82
\c@subsubsection=\count83
\c@paragraph=\count84
\c@subparagraph=\count85
\c@figure=\count86
\c@table=\count87
\abovecaptionskip=\skip41
\belowcaptionskip=\skip42
\bibindent=\dimen102
)
("C:\Users\tsto\AppData\Local\Programs\MiKTeX 2.9\tex/latex/geometry\geometry.s
ty"
Package: geometry 2018/04/16 v5.8 Page Geometry

("C:\Users\tsto\AppData\Local\Programs\MiKTeX 2.9\tex/latex/graphics\keyval.sty
"
Package: keyval 2014/10/28 v1.15 key=value parser (DPC)
\KV@toks@=\toks14
) ("C:\Users\tsto\AppData\Local\Programs\MiKTeX 2.9\tex/generic/iftex\ifpdf.sty
"
Package: ifpdf 2019/10/25 v3.4 ifpdf legacy package. Use iftex instead.
 ("C:\Users\tsto\AppData\Local\Programs\MiKTeX 2.9\tex/generic/iftex\iftex.sty"
Package: iftex 2019/11/07 v1.0c TeX engine tests
))
("C:\Users\tsto\AppData\Local\Programs\MiKTeX 2.9\tex/generic/iftex\ifvtex.sty"
Package: ifvtex 2019/10/25 v1.7 ifvtex legacy package. Use iftex instead.
)
("C:\Users\tsto\AppData\Local\Programs\MiKTeX 2.9\tex/generic/iftex\ifxetex.sty
"
Package: ifxetex 2019/10/25 v0.7 ifxetex legacy package. Use iftex instead.
)
\Gm@cnth=\count88
\Gm@cntv=\count89
\c@Gm@tempcnt=\count90
\Gm@bindingoffset=\dimen103
\Gm@wd@mp=\dimen104
\Gm@odd@mp=\dimen105
\Gm@even@mp=\dimen106
\Gm@layoutwidth=\dimen107
\Gm@layoutheight=\dimen108
\Gm@layouthoffset=\dimen109
\Gm@layoutvoffset=\dimen110
\Gm@dimlist=\toks15

("C:\Users\tsto\AppData\Local\Programs\MiKTeX 2.9\tex/latex/geometry\geometry.c
fg"))
("C:\Users\tsto\AppData\Local\Programs\MiKTeX 2.9\tex/generic/babel\babel.sty"
Package: babel 2019/09/27 3.34 The Babel package

("C:\Users\tsto\AppData\Local\Programs\MiKTeX 2.9\tex/generic/babel\switch.def"
File: switch.def 2019/09/27 3.34 Babel switching mechanism
)
*************************************
* Local config file bblopts.cfg used
*
("C:\Users\tsto\AppData\Local\Programs\MiKTeX 2.9\tex/latex/arabi\bblopts.cfg"
File: bblopts.cfg 2005/09/08 v0.1 add Arabic and Farsi to "declared" options of
 babel
)
("C:\Users\tsto\AppData\Local\Programs\MiKTeX 2.9\tex/latex/babel-german\german
.ldf"
Language: german 2018/12/08 v2.11 German support for babel (pre-1996 orthograph
y)

("C:\Users\tsto\AppData\Local\Programs\MiKTeX 2.9\tex/latex/babel-german\german
b.ldf"
Language: germanb 2018/12/08 v2.11 German support for babel (pre-1996 orthograp
hy)

("C:\Users\tsto\AppData\Local\Programs\MiKTeX 2.9\tex/generic/babel\babel.def"
File: babel.def 2019/09/27 3.34 Babel common definitions
\babel@savecnt=\count91
\U@D=\dimen111

("C:\Users\tsto\AppData\Local\Programs\MiKTeX 2.9\tex/generic/babel\txtbabel.de
f")
\bbl@dirlevel=\count92
)
Package babel Info: Making " an active character on input line 135.
))
("C:\Users\tsto\AppData\Local\Programs\MiKTeX 2.9\tex/latex/babel-german\ngerma
n.ldf"
Language: ngerman 2018/12/08 v2.11 German support for babel (post-1996 orthogra
phy)

("C:\Users\tsto\AppData\Local\Programs\MiKTeX 2.9\tex/latex/babel-german\ngerma
nb.ldf"
Language: ngermanb 2018/12/08 v2.11 German support for babel (post-1996 orthogr
aphy)
)))
("C:\Users\tsto\AppData\Local\Programs\MiKTeX 2.9\tex/latex/psnfss\mathptmx.sty
"
Package: mathptmx 2005/04/12 PSNFSS-v9.2a Times w/ Math, improved (SPQR, WaS) 
LaTeX Font Info:    Redeclaring symbol font `operators' on input line 28.
LaTeX Font Info:    Overwriting symbol font `operators' in version `normal'
(Font)                  OT1/cmr/m/n --> OT1/ztmcm/m/n on input line 28.
LaTeX Font Info:    Overwriting symbol font `operators' in version `bold'
(Font)                  OT1/cmr/bx/n --> OT1/ztmcm/m/n on input line 28.
LaTeX Font Info:    Redeclaring symbol font `letters' on input line 29.
LaTeX Font Info:    Overwriting symbol font `letters' in version `normal'
(Font)                  OML/cmm/m/it --> OML/ztmcm/m/it on input line 29.
LaTeX Font Info:    Overwriting symbol font `letters' in version `bold'
(Font)                  OML/cmm/b/it --> OML/ztmcm/m/it on input line 29.
LaTeX Font Info:    Redeclaring symbol font `symbols' on input line 30.
LaTeX Font Info:    Overwriting symbol font `symbols' in version `normal'
(Font)                  OMS/cmsy/m/n --> OMS/ztmcm/m/n on input line 30.
LaTeX Font Info:    Overwriting symbol font `symbols' in version `bold'
(Font)                  OMS/cmsy/b/n --> OMS/ztmcm/m/n on input line 30.
LaTeX Font Info:    Redeclaring symbol font `largesymbols' on input line 31.
LaTeX Font Info:    Overwriting symbol font `largesymbols' in version `normal'
(Font)                  OMX/cmex/m/n --> OMX/ztmcm/m/n on input line 31.
LaTeX Font Info:    Overwriting symbol font `largesymbols' in version `bold'
(Font)                  OMX/cmex/m/n --> OMX/ztmcm/m/n on input line 31.
\symbold=\mathgroup4
\symitalic=\mathgroup5
LaTeX Font Info:    Redeclaring math alphabet \mathbf on input line 34.
LaTeX Font Info:    Overwriting math alphabet `\mathbf' in version `normal'
(Font)                  OT1/cmr/bx/n --> OT1/ptm/bx/n on input line 34.
LaTeX Font Info:    Overwriting math alphabet `\mathbf' in version `bold'
(Font)                  OT1/cmr/bx/n --> OT1/ptm/bx/n on input line 34.
LaTeX Font Info:    Redeclaring math alphabet \mathit on input line 35.
LaTeX Font Info:    Overwriting math alphabet `\mathit' in version `normal'
(Font)                  OT1/cmr/m/it --> OT1/ptm/m/it on input line 35.
LaTeX Font Info:    Overwriting math alphabet `\mathit' in version `bold'
(Font)                  OT1/cmr/bx/it --> OT1/ptm/m/it on input line 35.
LaTeX Info: Redefining \hbar on input line 50.
)
("C:\Users\tsto\AppData\Local\Programs\MiKTeX 2.9\tex/latex/pdfpages\pdfpages.s
ty"
Package: pdfpages 2020/01/28 v0.5q Insert pages of external PDF documents (AM)
 ("C:\Users\tsto\AppData\Local\Programs\MiKTeX 2.9\tex/latex/base\ifthen.sty"
Package: ifthen 2014/09/29 v1.1c Standard LaTeX ifthen package (DPC)
) ("C:\Users\tsto\AppData\Local\Programs\MiKTeX 2.9\tex/latex/tools\calc.sty"
Package: calc 2017/05/25 v4.3 Infix arithmetic (KKT,FJ)
\calc@Acount=\count93
\calc@Bcount=\count94
\calc@Adimen=\dimen112
\calc@Bdimen=\dimen113
\calc@Askip=\skip43
\calc@Bskip=\skip44
LaTeX Info: Redefining \setlength on input line 80.
LaTeX Info: Redefining \addtolength on input line 81.
\calc@Ccount=\count95
\calc@Cskip=\skip45
) ("C:\Users\tsto\AppData\Local\Programs\MiKTeX 2.9\tex/latex/eso-pic\eso-pic.s
ty"
Package: eso-pic 2018/04/12 v2.0h eso-pic (RN)

("C:\Users\tsto\AppData\Local\Programs\MiKTeX 2.9\tex/generic/oberdiek\atbegshi
.sty"
Package: atbegshi 2016/06/09 v1.18 At begin shipout hook (HO)

("C:\Users\tsto\AppData\Local\Programs\MiKTeX 2.9\tex/generic/oberdiek\infwarer
r.sty"
Package: infwarerr 2016/05/16 v1.4 Providing info/warning/error messages (HO)
)
("C:\Users\tsto\AppData\Local\Programs\MiKTeX 2.9\tex/generic/oberdiek\ltxcmds.
sty"
Package: ltxcmds 2016/05/16 v1.23 LaTeX kernel commands for general use (HO)
))
("C:\Users\tsto\AppData\Local\Programs\MiKTeX 2.9\tex/latex/xcolor\xcolor.sty"
Package: xcolor 2016/05/11 v2.12 LaTeX color extensions (UK)

("C:\Users\tsto\AppData\Local\Programs\MiKTeX 2.9\tex/latex/graphics-cfg\color.
cfg"
File: color.cfg 2016/01/02 v1.6 sample color configuration
)
Package xcolor Info: Driver file: pdftex.def on input line 225.

("C:\Users\tsto\AppData\Local\Programs\MiKTeX 2.9\tex/latex/graphics-def\pdftex
.def"
File: pdftex.def 2018/01/08 v1.0l Graphics/color driver for pdftex
)
Package xcolor Info: Model `cmy' substituted by `cmy0' on input line 1348.
Package xcolor Info: Model `hsb' substituted by `rgb' on input line 1352.
Package xcolor Info: Model `RGB' extended on input line 1364.
Package xcolor Info: Model `HTML' substituted by `rgb' on input line 1366.
Package xcolor Info: Model `Hsb' substituted by `hsb' on input line 1367.
Package xcolor Info: Model `tHsb' substituted by `hsb' on input line 1368.
Package xcolor Info: Model `HSB' substituted by `hsb' on input line 1369.
Package xcolor Info: Model `Gray' substituted by `gray' on input line 1370.
Package xcolor Info: Model `wave' substituted by `hsb' on input line 1371.
))
("C:\Users\tsto\AppData\Local\Programs\MiKTeX 2.9\tex/latex/graphics\graphicx.s
ty"
Package: graphicx 2017/06/01 v1.1a Enhanced LaTeX Graphics (DPC,SPQR)

("C:\Users\tsto\AppData\Local\Programs\MiKTeX 2.9\tex/latex/graphics\graphics.s
ty"
Package: graphics 2019/07/20 v1.3b Standard LaTeX Graphics (DPC,SPQR)

("C:\Users\tsto\AppData\Local\Programs\MiKTeX 2.9\tex/latex/graphics\trig.sty"
Package: trig 2016/01/03 v1.10 sin cos tan (DPC)
)
("C:\Users\tsto\AppData\Local\Programs\MiKTeX 2.9\tex/latex/graphics-cfg\graphi
cs.cfg"
File: graphics.cfg 2016/06/04 v1.11 sample graphics configuration
)
Package graphics Info: Driver file: pdftex.def on input line 105.
)
\Gin@req@height=\dimen114
\Gin@req@width=\dimen115
)
\AM@pagewidth=\dimen116
\AM@pageheight=\dimen117

("C:\Users\tsto\AppData\Local\Programs\MiKTeX 2.9\tex/latex/pdfpages\pppdftex.d
ef"
File: pppdftex.def 2020/01/28 v0.5q Pdfpages driver for pdfTeX (AM)
)
\AM@pagebox=\box27
\AM@global@opts=\toks16
\AM@pagecnt=\count96
\AM@toc@title=\toks17
\c@AM@survey=\count97
\AM@templatesizebox=\box28
)
("C:\Users\tsto\AppData\Local\Programs\MiKTeX 2.9\tex/latex/setspace\setspace.s
ty"
Package: setspace 2011/12/19 v6.7a set line spacing
) (ueberschriften.sty
Package: ueberschriften 

("C:\Users\tsto\AppData\Local\Programs\MiKTeX 2.9\tex/latex/titlesec\titlesec.s
ty"
Package: titlesec 2019/10/16 v2.13 Sectioning titles
\ttl@box=\box29
\beforetitleunit=\skip46
\aftertitleunit=\skip47
\ttl@plus=\dimen118
\ttl@minus=\dimen119
\ttl@toksa=\toks18
\titlewidth=\dimen120
\titlewidthlast=\dimen121
\titlewidthfirst=\dimen122
)) (inhaltsverzeichnis.sty
Package: inhaltsverzeichnis 

("C:\Users\tsto\AppData\Local\Programs\MiKTeX 2.9\tex/latex/tocloft\tocloft.sty
"
Package: tocloft 2017/08/31 v2.3i parameterised ToC, etc., typesetting
Package tocloft Info: The document has section divisions on input line 51.
\cftparskip=\skip48
\cftbeforetoctitleskip=\skip49
\cftaftertoctitleskip=\skip50
\cftbeforepartskip=\skip51
\cftpartnumwidth=\skip52
\cftpartindent=\skip53
\cftbeforesecskip=\skip54
\cftsecindent=\skip55
\cftsecnumwidth=\skip56
\cftbeforesubsecskip=\skip57
\cftsubsecindent=\skip58
\cftsubsecnumwidth=\skip59
\cftbeforesubsubsecskip=\skip60
\cftsubsubsecindent=\skip61
\cftsubsubsecnumwidth=\skip62
\cftbeforeparaskip=\skip63
\cftparaindent=\skip64
\cftparanumwidth=\skip65
\cftbeforesubparaskip=\skip66
\cftsubparaindent=\skip67
\cftsubparanumwidth=\skip68
\cftbeforeloftitleskip=\skip69
\cftafterloftitleskip=\skip70
\cftbeforefigskip=\skip71
\cftfigindent=\skip72
\cftfignumwidth=\skip73
\c@lofdepth=\count98
\c@lotdepth=\count99
\cftbeforelottitleskip=\skip74
\cftafterlottitleskip=\skip75
\cftbeforetabskip=\skip76
\cfttabindent=\skip77
\cfttabnumwidth=\skip78
)) (abk_verzeichnis.sty
Package: abk_verzeichnis 

("C:\Users\tsto\AppData\Local\Programs\MiKTeX 2.9\tex/latex/datatool\datatool.s
ty"
Package: datatool 2019/09/27 v2.32 (NLCT)

("C:\Users\tsto\AppData\Local\Programs\MiKTeX 2.9\tex/latex/xkeyval\xkeyval.sty
"
Package: xkeyval 2014/12/03 v2.7a package option processing (HA)

("C:\Users\tsto\AppData\Local\Programs\MiKTeX 2.9\tex/generic/xkeyval\xkeyval.t
ex"
("C:\Users\tsto\AppData\Local\Programs\MiKTeX 2.9\tex/generic/xkeyval\xkvutils.
tex"
\XKV@toks=\toks19
\XKV@tempa@toks=\toks20
)
\XKV@depth=\count100
File: xkeyval.tex 2014/12/03 v2.7a key=value parser (HA)
))
("C:\Users\tsto\AppData\Local\Programs\MiKTeX 2.9\tex/latex/xfor\xfor.sty"
Package: xfor 2009/02/05 v1.05 (NLCT)
)
("C:\Users\tsto\AppData\Local\Programs\MiKTeX 2.9\tex/latex/substr\substr.sty"
Package: substr 2009/10/20 v1.2 Handle substrings
\c@su@anzahl=\count101
)
("C:\Users\tsto\AppData\Local\Programs\MiKTeX 2.9\tex/latex/etoolbox\etoolbox.s
ty"
Package: etoolbox 2019/09/21 v2.5h e-TeX tools for LaTeX (JAW)
\etb@tempcnta=\count102
)
("C:\Users\tsto\AppData\Local\Programs\MiKTeX 2.9\tex/latex/datatool\datatool-b
ase.sty"
Package: datatool-base 2019/09/27 v2.32 (NLCT)

("C:\Users\tsto\AppData\Local\Programs\MiKTeX 2.9\tex/latex/amsmath\amsmath.sty
"
Package: amsmath 2019/04/01 v2.17c AMS math features
\@mathmargin=\skip79

For additional information on amsmath, use the `?' option.
("C:\Users\tsto\AppData\Local\Programs\MiKTeX 2.9\tex/latex/amsmath\amstext.sty
"
Package: amstext 2000/06/29 v2.01 AMS text
 ("C:\Users\tsto\AppData\Local\Programs\MiKTeX 2.9\tex/latex/amsmath\amsgen.sty
"
File: amsgen.sty 1999/11/30 v2.0 generic functions
\@emptytoks=\toks21
\ex@=\dimen123
))
("C:\Users\tsto\AppData\Local\Programs\MiKTeX 2.9\tex/latex/amsmath\amsbsy.sty"
Package: amsbsy 1999/11/29 v1.2d Bold Symbols
\pmbraise@=\dimen124
) ("C:\Users\tsto\AppData\Local\Programs\MiKTeX 2.9\tex/latex/amsmath\amsopn.st
y"
Package: amsopn 2016/03/08 v2.02 operator names
)
\inf@bad=\count103
LaTeX Info: Redefining \frac on input line 227.
\uproot@=\count104
\leftroot@=\count105
LaTeX Info: Redefining \overline on input line 389.
\classnum@=\count106
\DOTSCASE@=\count107
LaTeX Info: Redefining \ldots on input line 486.
LaTeX Info: Redefining \dots on input line 489.
LaTeX Info: Redefining \cdots on input line 610.
\Mathstrutbox@=\box30
\strutbox@=\box31
\big@size=\dimen125
LaTeX Font Info:    Redeclaring font encoding OML on input line 733.
LaTeX Font Info:    Redeclaring font encoding OMS on input line 734.
\macc@depth=\count108
\c@MaxMatrixCols=\count109
\dotsspace@=\muskip10
\c@parentequation=\count110
\dspbrk@lvl=\count111
\tag@help=\toks22
\row@=\count112
\column@=\count113
\maxfields@=\count114
\andhelp@=\toks23
\eqnshift@=\dimen126
\alignsep@=\dimen127
\tagshift@=\dimen128
\tagwidth@=\dimen129
\totwidth@=\dimen130
\lineht@=\dimen131
\@envbody=\toks24
\multlinegap=\skip80
\multlinetaggap=\skip81
\mathdisplay@stack=\toks25
LaTeX Info: Redefining \[ on input line 2855.
LaTeX Info: Redefining \] on input line 2856.
)
("C:\Users\tsto\AppData\Local\Programs\MiKTeX 2.9\tex/latex/datatool\datatool-f
p.sty"
Package: datatool-fp 2019/09/27 v2.32 (NLCT)
 ("C:\Users\tsto\AppData\Local\Programs\MiKTeX 2.9\tex/latex/fp\fp.sty"
Package: fp 1995/04/02

`Fixed Point Package', Version 0.8, April 2, 1995 (C) Michael Mehlich
("C:\Users\tsto\AppData\Local\Programs\MiKTeX 2.9\tex/latex/fp\defpattern.sty"
Package: defpattern 1994/10/12
\actioncount=\count115
) ("C:\Users\tsto\AppData\Local\Programs\MiKTeX 2.9\tex/latex/fp\fp-basic.sty"
Package: fp-basic 1996/05/13
\FP@xs=\count116
\FP@xia=\count117
\FP@xib=\count118
\FP@xfa=\count119
\FP@xfb=\count120
\FP@rega=\count121
\FP@regb=\count122
\FP@regs=\count123
\FP@times=\count124
)
("C:\Users\tsto\AppData\Local\Programs\MiKTeX 2.9\tex/latex/fp\fp-addons.sty"
Package: fp-addons 1995/03/15
)
("C:\Users\tsto\AppData\Local\Programs\MiKTeX 2.9\tex/latex/fp\fp-snap.sty"
Package: fp-snap 1995/04/05
)
("C:\Users\tsto\AppData\Local\Programs\MiKTeX 2.9\tex/latex/fp\fp-exp.sty"
Package: fp-exp 1995/04/03
)
("C:\Users\tsto\AppData\Local\Programs\MiKTeX 2.9\tex/latex/fp\fp-trigo.sty"
Package: fp-trigo 1995/04/14
)
("C:\Users\tsto\AppData\Local\Programs\MiKTeX 2.9\tex/latex/fp\fp-pas.sty"
Package: fp-pas 1994/08/29
)
("C:\Users\tsto\AppData\Local\Programs\MiKTeX 2.9\tex/latex/fp\fp-random.sty"
Package: fp-random 1995/02/23
\FPseed=\count125
)
("C:\Users\tsto\AppData\Local\Programs\MiKTeX 2.9\tex/latex/fp\fp-eqn.sty"
Package: fp-eqn 1995/04/03
)
("C:\Users\tsto\AppData\Local\Programs\MiKTeX 2.9\tex/latex/fp\fp-upn.sty"
Package: fp-upn 1996/10/21
)
("C:\Users\tsto\AppData\Local\Programs\MiKTeX 2.9\tex/latex/fp\fp-eval.sty"
Package: fp-eval 1995/04/03
)))
\@dtl@toks=\toks26
\@dtl@tmpcount=\count126
\dtl@tmplength=\skip82
\dtl@sortresult=\count127
\@dtl@numgrpsepcount=\count128
\@dtl@datatype=\count129
\dtl@codeA=\count130
\dtl@codeB=\count131
\@dtl@foreach@level=\count132
)
\dtlcolumnnum=\count133
\dtlrownum=\count134
\@dtl@before=\toks27
\@dtl@after=\toks28
\@dtl@colhead=\toks29
\dtlcurrentrow=\toks30
\dtlbeforerow=\toks31
\dtlafterrow=\toks32
\dtlforeachlevel=\count135
\c@DTLrowi=\count136
\c@DTLrowii=\count137
\c@DTLrowiii=\count138
\c@DTLrow=\count139
\dtl@rowi=\count140
\dtl@rowii=\count141
\dtl@rowiii=\count142
\@dtl@curi=\toks33
\@dtl@previ=\toks34
\@dtl@nexti=\toks35
\@dtl@curii=\toks36
\@dtl@previi=\toks37
\@dtl@nextii=\toks38
\@dtl@curiii=\toks39
\@dtl@previii=\toks40
\@dtl@nextiii=\toks41
\@dtl@elements=\count143
\@dtl@list=\toks42
\@dtl@rowa=\toks43
\@dtl@rowb=\toks44
\@dtl@toksA=\toks45
\@dtl@toksB=\toks46
\@dtl@write=\write3
\@dtl@read=\read1
\dtl@entrycr=\count144
\dtl@omitlines=\count145
) ("C:\Users\tsto\AppData\Local\Programs\MiKTeX 2.9\tex/latex/base\inputenc.sty
"
Package: inputenc 2018/08/11 v1.3c Input encoding file
\inpenc@prehook=\toks47
\inpenc@posthook=\toks48
)
\dtldb@abkuerzungen=\toks49
\dtlkeys@abkuerzungen=\toks50
\dtlrows@abkuerzungen=\count146
\dtlcols@abkuerzungen=\count147
) (fusszeilen.sty
Package: fusszeilen 

("C:\Users\tsto\AppData\Local\Programs\MiKTeX 2.9\tex/latex/footmisc\footmisc.s
ty"
Package: footmisc 2011/06/06 v5.5b a miscellany of footnote facilities
\FN@temptoken=\toks51
\footnotemargin=\dimen132
\c@pp@next@reset=\count148
Package footmisc Info: Declaring symbol style bringhurst on input line 855.
Package footmisc Info: Declaring symbol style chicago on input line 863.
Package footmisc Info: Declaring symbol style wiley on input line 872.
Package footmisc Info: Declaring symbol style lamport-robust on input line 883.

Package footmisc Info: Declaring symbol style lamport* on input line 903.
Package footmisc Info: Declaring symbol style lamport*-robust on input line 924
.
)) (literatur.sty
Package: literatur 

("C:\Users\tsto\AppData\Local\Programs\MiKTeX 2.9\tex/latex/xstring\xstring.sty
"
("C:\Users\tsto\AppData\Local\Programs\MiKTeX 2.9\tex/generic/xstring\xstring.t
ex"
\integerpart=\count149
\decimalpart=\count150
)
Package: xstring 2019/02/06 v1.83 String manipulations (CT)
)
\dtldb@literatur=\toks52
\dtlkeys@literatur=\toks53
\dtlrows@literatur=\count151
\dtlcols@literatur=\count152
) (header_footer.sty
Package: header_footer 

("C:\Users\tsto\AppData\Local\Programs\MiKTeX 2.9\tex/latex/fancyhdr\fancyhdr.s
ty"
Package: fancyhdr 2019/01/31 v3.10 Extensive control of page headers and footer
s
\f@nch@headwidth=\skip83
\f@nch@O@elh=\skip84
\f@nch@O@erh=\skip85
\f@nch@O@olh=\skip86
\f@nch@O@orh=\skip87
\f@nch@O@elf=\skip88
\f@nch@O@erf=\skip89
\f@nch@O@olf=\skip90
\f@nch@O@orf=\skip91
)) (codes.sty
Package: codes 

("C:\Users\tsto\AppData\Local\Programs\MiKTeX 2.9\tex/latex/listings\listings.s
ty"
\lst@mode=\count153
\lst@gtempboxa=\box32
\lst@token=\toks54
\lst@length=\count154
\lst@currlwidth=\dimen133
\lst@column=\count155
\lst@pos=\count156
\lst@lostspace=\dimen134
\lst@width=\dimen135
\lst@newlines=\count157
\lst@lineno=\count158
\lst@maxwidth=\dimen136

("C:\Users\tsto\AppData\Local\Programs\MiKTeX 2.9\tex/latex/listings\lstmisc.st
y"
File: lstmisc.sty 2019/09/10 1.8c (Carsten Heinz)
\c@lstnumber=\count159
\lst@skipnumbers=\count160
\lst@framebox=\box33
)
("C:\Users\tsto\AppData\Local\Programs\MiKTeX 2.9\tex/latex/listings\listings.c
fg"
File: listings.cfg 2019/09/10 1.8c listings configuration
))
Package: listings 2019/09/10 1.8c (Carsten Heinz)
) (anhang.sty
Package: anhang 

("C:\Users\tsto\AppData\Local\Programs\MiKTeX 2.9\tex/latex/tools\longtable.sty
"
Package: longtable 2019/02/06 v4.12 Multi-page Table package (DPC)
\LTleft=\skip92
\LTright=\skip93
\LTpre=\skip94
\LTpost=\skip95
\LTchunksize=\count161
\LTcapwidth=\dimen137
\LT@head=\box34
\LT@firsthead=\box35
\LT@foot=\box36
\LT@lastfoot=\box37
\LT@cols=\count162
\LT@rows=\count163
\c@LT@tables=\count164
\c@LT@chunks=\count165
\LT@p@ftn=\toks55
) ("C:\Users\tsto\AppData\Local\Programs\MiKTeX 2.9\tex/latex/tabu\tabu.sty"
Package: tabu 2019/01/11 v2.9 - flexible LaTeX tabulars (FC+tabu-fixed)

("C:\Users\tsto\AppData\Local\Programs\MiKTeX 2.9\tex/latex/tools\array.sty"
Package: array 2019/08/31 v2.4l Tabular extension package (FMi)
\col@sep=\dimen138
\ar@mcellbox=\box38
\extrarowheight=\dimen139
\NC@list=\toks56
\extratabsurround=\skip96
\backup@length=\skip97
\ar@cellbox=\box39
)
("C:\Users\tsto\AppData\Local\Programs\MiKTeX 2.9\tex/latex/varwidth\varwidth.s
ty"
Package: varwidth 2009/03/30 ver 0.92;  Variable-width minipages
\@vwid@box=\box40
\sift@deathcycles=\count166
\@vwid@loff=\dimen140
\@vwid@roff=\dimen141
)
\c@taburow=\count167
\tabu@nbcols=\count168
\tabu@cnt=\count169
\tabu@Xcol=\count170
\tabu@alloc=\count171
\tabu@nested=\count172
\tabu@target=\dimen142
\tabu@spreadtarget=\dimen143
\tabu@naturalX=\dimen144
\tabucolX=\dimen145
\tabu@Xsum=\dimen146
\extrarowdepth=\dimen147
\abovetabulinesep=\dimen148
\belowtabulinesep=\dimen149
\tabustrutrule=\dimen150
\tabu@thebody=\toks57
\tabu@footnotes=\toks58
\tabu@box=\box41
\tabu@arstrutbox=\box42
\tabu@hleads=\box43
\tabu@vleads=\box44
\tabu@cellskip=\skip98
)
\c@anhang=\count173
\cftbeforeanhangskip=\skip99
\cftanhangindent=\skip100
\cftanhangnumwidth=\skip101
\c@mcfdepth=\count174
\cftbeforemcftitleskip=\skip102
\cftaftermcftitleskip=\skip103
\c@theanhangI=\count175
\c@theanhangII=\count176
)
("C:\Users\tsto\AppData\Local\Programs\MiKTeX 2.9\tex/latex/base\fontenc.sty"
Package: fontenc 2018/08/11 v2.0j Standard LaTeX package

("C:\Users\tsto\AppData\Local\Programs\MiKTeX 2.9\tex/latex/base\t1enc.def"
File: t1enc.def 2018/08/11 v2.0j Standard LaTeX file
LaTeX Font Info:    Redeclaring font encoding T1 on input line 48.
))
("C:\Users\tsto\AppData\Local\Programs\MiKTeX 2.9\tex/latex/makecell\makecell.s
ty"
Package: makecell 2009/08/03 V0.1e Managing of Tab Column Heads and Cells
\rotheadsize=\dimen151
\c@nlinenum=\count177
\TeXr@lab=\toks59
)
("C:\Users\tsto\AppData\Local\Programs\MiKTeX 2.9\tex/latex/placeins\placeins.s
ty"
Package: placeins 2005/04/18  v 2.2
) (wissentschaftlichesArbeiten_vorlage.aux)
\openout1 = `wissentschaftlichesArbeiten_vorlage.aux'.

LaTeX Font Info:    Checking defaults for OML/cmm/m/it on input line 55.
LaTeX Font Info:    ... okay on input line 55.
LaTeX Font Info:    Checking defaults for T1/cmr/m/n on input line 55.
LaTeX Font Info:    ... okay on input line 55.
LaTeX Font Info:    Checking defaults for OT1/cmr/m/n on input line 55.
LaTeX Font Info:    ... okay on input line 55.
LaTeX Font Info:    Checking defaults for OMS/cmsy/m/n on input line 55.
LaTeX Font Info:    ... okay on input line 55.
LaTeX Font Info:    Checking defaults for OMX/cmex/m/n on input line 55.
LaTeX Font Info:    ... okay on input line 55.
LaTeX Font Info:    Checking defaults for U/cmr/m/n on input line 55.
LaTeX Font Info:    ... okay on input line 55.
LaTeX Font Info:    Trying to load font information for T1+ptm on input line 55
.

("C:\Users\tsto\AppData\Local\Programs\MiKTeX 2.9\tex/latex/psnfss\t1ptm.fd"
File: t1ptm.fd 2001/06/04 font definitions for T1/ptm.
)
*geometry* driver: auto-detecting
*geometry* detected driver: pdftex
*geometry* verbose mode - [ preamble ] result:
* driver: pdftex
* paper: a4paper
* layout: <same size as paper>
* layoutoffset:(h,v)=(0.0pt,0.0pt)
* modes: 
* h-part:(L,W,R)=(85.35826pt, 426.79135pt, 85.35826pt)
* v-part:(T,H,B)=(85.35826pt, 660.10394pt, 99.58464pt)
* \paperwidth=597.50787pt
* \paperheight=845.04684pt
* \textwidth=426.79135pt
* \textheight=660.10394pt
* \oddsidemargin=13.08827pt
* \evensidemargin=13.08827pt
* \topmargin=-10.91173pt
* \headheight=15.0pt
* \headsep=12.0pt
* \topskip=12.0pt
* \footskip=30.0pt
* \marginparwidth=44.0pt
* \marginparsep=10.0pt
* \columnsep=10.0pt
* \skip\footins=12.0pt
* \hoffset=0.0pt
* \voffset=0.0pt
* \mag=1000
* \@twocolumnfalse
* \@twosidefalse
* \@mparswitchfalse
* \@reversemarginfalse
* (1in=72.27pt=25.4mm, 1cm=28.453pt)

\AtBeginShipoutBox=\box45

("C:\Users\tsto\AppData\Local\Programs\MiKTeX 2.9\tex/context/base/mkii\supp-pd
f.mkii"
[Loading MPS to PDF converter (version 2006.09.02).]
\scratchcounter=\count178
\scratchdimen=\dimen152
\scratchbox=\box46
\nofMPsegments=\count179
\nofMParguments=\count180
\everyMPshowfont=\toks60
\MPscratchCnt=\count181
\MPscratchDim=\dimen153
\MPnumerator=\count182
\makeMPintoPDFobject=\count183
\everyMPtoPDFconversion=\toks61
)
("C:\Users\tsto\AppData\Local\Programs\MiKTeX 2.9\tex/latex/oberdiek\epstopdf-b
ase.sty"
Package: epstopdf-base 2016/05/15 v2.6 Base part for package epstopdf

("C:\Users\tsto\AppData\Local\Programs\MiKTeX 2.9\tex/latex/oberdiek\grfext.sty
"
Package: grfext 2016/05/16 v1.2 Manage graphics extensions (HO)

("C:\Users\tsto\AppData\Local\Programs\MiKTeX 2.9\tex/generic/oberdiek\kvdefine
keys.sty"
Package: kvdefinekeys 2016/05/16 v1.4 Define keys (HO)
))
("C:\Users\tsto\AppData\Local\Programs\MiKTeX 2.9\tex/latex/oberdiek\kvoptions.
sty"
Package: kvoptions 2016/05/16 v3.12 Key value format for package options (HO)

("C:\Users\tsto\AppData\Local\Programs\MiKTeX 2.9\tex/generic/oberdiek\kvsetkey
s.sty"
Package: kvsetkeys 2016/05/16 v1.17 Key value parser (HO)

("C:\Users\tsto\AppData\Local\Programs\MiKTeX 2.9\tex/generic/oberdiek\etexcmds
.sty"
Package: etexcmds 2016/05/16 v1.6 Avoid name clashes with e-TeX commands (HO)

("C:\Users\tsto\AppData\Local\Programs\MiKTeX 2.9\tex/generic/iftex\ifluatex.st
y"
Package: ifluatex 2019/10/25 v1.5 ifluatex legacy package. Use iftex instead.
))))
("C:\Users\tsto\AppData\Local\Programs\MiKTeX 2.9\tex/generic/oberdiek\pdftexcm
ds.sty"
Package: pdftexcmds 2019/07/25 v0.30 Utility functions of pdfTeX for LuaTeX (HO
)
Package pdftexcmds Info: LuaTeX not detected.
Package pdftexcmds Info: \pdf@primitive is available.
Package pdftexcmds Info: \pdf@ifprimitive is available.
Package pdftexcmds Info: \pdfdraftmode found.
)
Package epstopdf-base Info: Redefining graphics rule for `.eps' on input line 4
38.
Package grfext Info: Graphics extension search list:
(grfext)             [.pdf,.png,.jpg,.mps,.jpeg,.jbig2,.jb2,.PDF,.PNG,.JPG,.JPE
G,.JBIG2,.JB2,.eps]
(grfext)             \AppendGraphicsExtensions on input line 456.
)
("C:\Users\tsto\AppData\Local\Programs\MiKTeX 2.9\tex/latex/oberdiek\pdflscape.
sty"
Package: pdflscape 2016/05/14 v0.11 Display of landscape pages in PDF (HO)

("C:\Users\tsto\AppData\Local\Programs\MiKTeX 2.9\tex/latex/graphics\lscape.sty
"
Package: lscape 2000/10/22 v3.01 Landscape Pages (DPC)
)
Package pdflscape Info: Auto-detected driver: pdftex on input line 81.
)
\c@lstlisting=\count184


pdfTeX warning: pdflatex.exe (file ./titelseite.pdf): PDF inclusion: found PDF 
version <1.7>, but at most version <1.5> allowed
<titelseite.pdf, id=1, 597.55246pt x 845.07718pt>
File: titelseite.pdf Graphic file (type pdf)
<use titelseite.pdf>
Package pdftex.def Info: titelseite.pdf  used on input line 61.
(pdftex.def)             Requested size: 597.551pt x 845.07512pt.


pdfTeX warning: pdflatex.exe (file ./titelseite.pdf): PDF inclusion: found PDF 
version <1.7>, but at most version <1.5> allowed
File: titelseite.pdf Graphic file (type pdf)
<use titelseite.pdf>
Package pdftex.def Info: titelseite.pdf  used on input line 61.
(pdftex.def)             Requested size: 597.551pt x 845.07512pt.


pdfTeX warning: pdflatex.exe (file ./titelseite.pdf): PDF inclusion: found PDF 
version <1.7>, but at most version <1.5> allowed


pdfTeX warning: pdflatex.exe (file ./titelseite.pdf): PDF inclusion: found PDF 
version <1.7>, but at most version <1.5> allowed
<titelseite.pdf, id=4, page=1, 597.55246pt x 845.07718pt>
File: titelseite.pdf Graphic file (type pdf)
<use titelseite.pdf, page 1>
Package pdftex.def Info: titelseite.pdf , page1 used on input line 61.
(pdftex.def)             Requested size: 597.551pt x 845.07512pt.
File: titelseite.pdf Graphic file (type pdf)
<use titelseite.pdf, page 1>
Package pdftex.def Info: titelseite.pdf , page1 used on input line 61.
(pdftex.def)             Requested size: 597.57834pt x 845.1138pt.
File: titelseite.pdf Graphic file (type pdf)
<use titelseite.pdf, page 1>
Package pdftex.def Info: titelseite.pdf , page1 used on input line 61.
(pdftex.def)             Requested size: 597.57834pt x 845.1138pt.
File: titelseite.pdf Graphic file (type pdf)
<use titelseite.pdf, page 1>
Package pdftex.def Info: titelseite.pdf , page1 used on input line 61.
(pdftex.def)             Requested size: 597.57834pt x 845.1138pt.
File: titelseite.pdf Graphic file (type pdf)
<use titelseite.pdf, page 1>
Package pdftex.def Info: titelseite.pdf , page1 used on input line 61.
(pdftex.def)             Requested size: 597.57834pt x 845.1138pt.
[1

 <./titelseite.pdf>]

pdfTeX warning: pdflatex.exe (file ./titelseite.pdf): PDF inclusion: found PDF 
version <1.7>, but at most version <1.5> allowed
<titelseite.pdf, id=24, page=2, 597.55246pt x 845.07718pt>
File: titelseite.pdf Graphic file (type pdf)
<use titelseite.pdf, page 2>
Package pdftex.def Info: titelseite.pdf , page2 used on input line 61.
(pdftex.def)             Requested size: 597.57834pt x 845.1138pt.
File: titelseite.pdf Graphic file (type pdf)
<use titelseite.pdf, page 2>
Package pdftex.def Info: titelseite.pdf , page2 used on input line 61.
(pdftex.def)             Requested size: 597.57834pt x 845.1138pt.
File: titelseite.pdf Graphic file (type pdf)
<use titelseite.pdf, page 2>
Package pdftex.def Info: titelseite.pdf , page2 used on input line 61.
(pdftex.def)             Requested size: 597.57834pt x 845.1138pt.
[2 <./titelseite.pdf>] [1{C:/Users/tsto/AppData/Local/MiKTeX/2.9/pdftex/config/
pdftex.map}] (wissentschaftlichesArbeiten_vorlage.lof
LaTeX Font Info:    Trying to load font information for OT1+ztmcm on input line
 2.

("C:\Users\tsto\AppData\Local\Programs\MiKTeX 2.9\tex/latex/psnfss\ot1ztmcm.fd"
File: ot1ztmcm.fd 2000/01/03 Fontinst v1.801 font definitions for OT1/ztmcm.
)
LaTeX Font Info:    Trying to load font information for OML+ztmcm on input line
 2.
 ("C:\Users\tsto\AppData\Local\Programs\MiKTeX 2.9\tex/latex/psnfss\omlztmcm.fd
"
File: omlztmcm.fd 2000/01/03 Fontinst v1.801 font definitions for OML/ztmcm.
)
LaTeX Font Info:    Trying to load font information for OMS+ztmcm on input line
 2.

("C:\Users\tsto\AppData\Local\Programs\MiKTeX 2.9\tex/latex/psnfss\omsztmcm.fd"
File: omsztmcm.fd 2000/01/03 Fontinst v1.801 font definitions for OMS/ztmcm.
)
LaTeX Font Info:    Trying to load font information for OMX+ztmcm on input line
 2.
 ("C:\Users\tsto\AppData\Local\Programs\MiKTeX 2.9\tex/latex/psnfss\omxztmcm.fd
"
File: omxztmcm.fd 2000/01/03 Fontinst v1.801 font definitions for OMX/ztmcm.
)
LaTeX Font Info:    Trying to load font information for OT1+ptm on input line 2
.
 ("C:\Users\tsto\AppData\Local\Programs\MiKTeX 2.9\tex/latex/psnfss\ot1ptm.fd"
File: ot1ptm.fd 2001/06/04 font definitions for OT1/ptm.
)
LaTeX Font Info:    Font shape `OT1/ptm/bx/n' in size <12> not available
(Font)              Font shape `OT1/ptm/b/n' tried instead on input line 2.
LaTeX Font Info:    Font shape `OT1/ptm/bx/n' in size <9> not available
(Font)              Font shape `OT1/ptm/b/n' tried instead on input line 2.
LaTeX Font Info:    Font shape `OT1/ptm/bx/n' in size <7> not available
(Font)              Font shape `OT1/ptm/b/n' tried instead on input line 2.
)
\tf@lof=\write4
\openout4 = `wissentschaftlichesArbeiten_vorlage.lof'.

 [2

] (wissentschaftlichesArbeiten_vorlage.lot)
\tf@lot=\write5
\openout5 = `wissentschaftlichesArbeiten_vorlage.lot'.

 [3

]
(wissentschaftlichesArbeiten_vorlage.toc)
\tf@toc=\write6
\openout6 = `wissentschaftlichesArbeiten_vorlage.toc'.

 [4

]
LaTeX Font Info:    Font shape `OT1/ptm/bx/n' in size <10> not available
(Font)              Font shape `OT1/ptm/b/n' tried instead on input line 95.
LaTeX Font Info:    Font shape `OT1/ptm/bx/n' in size <7.4> not available
(Font)              Font shape `OT1/ptm/b/n' tried instead on input line 95.
LaTeX Font Info:    Font shape `OT1/ptm/bx/n' in size <6> not available
(Font)              Font shape `OT1/ptm/b/n' tried instead on input line 95.
 [1

] [2] [3

] [4] [5] [6]
("C:\Users\tsto\AppData\Local\Programs\MiKTeX 2.9\tex/latex/listings\lstlang1.s
ty"
File: lstlang1.sty 2019/09/10 1.8c listings language file
)
("C:\Users\tsto\AppData\Local\Programs\MiKTeX 2.9\tex/latex/listings\lstlang2.s
ty"
File: lstlang2.sty 2019/09/10 1.8c listings language file
)
("C:\Users\tsto\AppData\Local\Programs\MiKTeX 2.9\tex/latex/listings\lstlang3.s
ty"
File: lstlang3.sty 2019/09/10 1.8c listings language file
)
LaTeX Font Info:    Trying to load font information for T1+cmtt on input line 1
53.
 ("C:\Users\tsto\AppData\Local\Programs\MiKTeX 2.9\tex/latex/base\t1cmtt.fd"
File: t1cmtt.fd 2014/09/29 v2.5h Standard LaTeX font definitions
)
LaTeX Font Info:    Font shape `T1/cmtt/bx/n' in size <10> not available
(Font)              Font shape `T1/cmtt/m/n' tried instead on input line 166.
 [7

]
<stockphoto1.jpg, id=68, 1284.8pt x 722.7pt>
File: stockphoto1.jpg Graphic file (type jpg)
<use stockphoto1.jpg>
Package pdftex.def Info: stockphoto1.jpg  used on input line 183.
(pdftex.def)             Requested size: 362.77525pt x 204.05284pt.
File: stockphoto1.jpg Graphic file (type jpg)
<use stockphoto1.jpg>
Package pdftex.def Info: stockphoto1.jpg  used on input line 191.
(pdftex.def)             Requested size: 144.04109pt x 81.01903pt.
File: stockphoto1.jpg Graphic file (type jpg)
<use stockphoto1.jpg>
Package pdftex.def Info: stockphoto1.jpg  used on input line 197.
(pdftex.def)             Requested size: 192.0548pt x 108.02538pt.
 [8 <./stockphoto1.jpg>]
File: stockphoto1.jpg Graphic file (type jpg)
<use stockphoto1.jpg>
Package pdftex.def Info: stockphoto1.jpg  used on input line 240.
(pdftex.def)             Requested size: 113.81102pt x 64.01463pt.
File: stockphoto1.jpg Graphic file (type jpg)
<use stockphoto1.jpg>
Package pdftex.def Info: stockphoto1.jpg  used on input line 240.
(pdftex.def)             Requested size: 113.81102pt x 64.01463pt.
 [9] [10]
Overfull \hbox (3.6924pt too wide) in paragraph at lines 250--250
\T1/ptm/m/n/12 https://www.wcge.org/images/wissenschaft/publikationen/DP_2006-3
_Homann-Wirt-
 []


Overfull \hbox (3.84955pt too wide) in paragraph at lines 250--250
[]\T1/ptm/m/it/12 Statistisches Bun-des-amt\T1/ptm/m/n/12 , Gen-der Pay Gap, ht
tps://www.destatis.de/DE/Themen/Arbeit/Ar-
 []

[5

]
LaTeX Font Info:    Font shape `T1/ptm/bx/n' in size <24.88> not available
(Font)              Font shape `T1/ptm/b/n' tried instead on input line 255.
 (wissentschaftlichesArbeiten_vorlage.mcf
Overfull \hbox (6.37518pt too wide) detected at line 4
\T1/ptm/m/n/12 1.2.1 
 []


Overfull \hbox (6.37518pt too wide) detected at line 5
\T1/ptm/m/n/12 1.2.2 
 []

)
\tf@mcf=\write7
\openout7 = `wissentschaftlichesArbeiten_vorlage.mcf'.

 [6

]
<protzustand.png, id=84, 984.67876pt x 678.535pt>
File: protzustand.png Graphic file (type png)
<use protzustand.png>
Package pdftex.def Info: protzustand.png  used on input line 260.
(pdftex.def)             Requested size: 426.79135pt x 294.10428pt.
File: stockphoto1.jpg Graphic file (type jpg)
<use stockphoto1.jpg>
Package pdftex.def Info: stockphoto1.jpg  used on input line 264.
(pdftex.def)             Requested size: 341.43437pt x 192.05493pt.
File: stockphoto1.jpg Graphic file (type jpg)
<use stockphoto1.jpg>
Package pdftex.def Info: stockphoto1.jpg  used on input line 266.
(pdftex.def)             Requested size: 384.1096pt x 216.0618pt.
 [7

 <./protzustand.png>] [8]
Underfull \vbox (badness 10000) detected at line 291
 []

[9

] [10] (wissentschaftlichesArbeiten_vorlage.aux) ) 
Here is how much of TeX's memory you used:
 11424 strings out of 492452
 160412 string characters out of 3120530
 514983 words of memory out of 3000000
 15474 multiletter control sequences out of 15000+200000
 52400 words of font info for 76 fonts, out of 3000000 for 9000
 1142 hyphenation exceptions out of 8191
 58i,18n,74p,1238b,1839s stack positions out of 5000i,500n,10000p,200000b,50000s
 <C:\Users\tsto\AppData\Local
\MiKTeX\2.9\fonts/pk/ljfour/jknappen/ec/dpi600\ectt1000.pk>{C:/Users/tsto/AppDa
ta/Local/Programs/MiKTeX 2.9/fonts/enc/dvips/base/8r.enc}<C:/Users/tsto/AppData
/Local/Programs/MiKTeX 2.9/fonts/type1/urw/times/utmr8a.pfb><C:/Users/tsto/AppD
ata/Local/Programs/MiKTeX 2.9/fonts/type1/urw/times/utmri8a.pfb>
Output written on wissentschaftlichesArbeiten_vorlage.pdf (22 pages, 408968 byt
es).
PDF statistics:
 154 PDF objects out of 1000 (max. 8388607)
 0 named destinations out of 1000 (max. 500000)
 36 words of extra memory for PDF output out of 10000 (max. 10000000)

